# configure exec: ./configure --prefix=/data/lab/node-kafka-producer/node_modules/node-rdkafka/build/deps --libdir=/data/lab/node-kafka-producer/node_modules/node-rdkafka/build/deps --prefix=/data/lab/node-kafka-producer/node_modules/node-rdkafka/build/deps --libdir=/data/lab/node-kafka-producer/node_modules/node-rdkafka/build/deps
# On Fri Aug 10 11:51:29 +07 2018
DBG: ccenv: WITH_CC:  --version failed: mklove/modules/configure.base: line 1183: --version: command not found
DBG: Check ccenv (WITH_CC, action cont (originally cont)) failed: command ' --version' failed:
mklove/modules/configure.base: line 1183: --version: command not found
DBG: cxxenv: WITH_CXX:  --version failed: mklove/modules/configure.base: line 1183: --version: command not found
DBG: Check cxxenv (WITH_CXX, action cont (originally cont)) failed: command ' --version' failed:
mklove/modules/configure.base: line 1183: --version: command not found
DBG: Compile check cc_g_dwarf (): gcc  -I/usr/local/opt/openssl/include -Wall -Werror _mkltmpUu4gWa.c -o _mkltmpUu4gWa.c.o  -L/usr/local/opt/openssl/lib -L/data/lab/node-kafka-producer/node_modules/node-rdkafka/build/deps -gstrict-dwarf
DBG: install: WITH_INSTALL: install --version failed: install: illegal option -- -
usage: install [-bCcpSsv] [-B suffix] [-f flags] [-g group] [-m mode]
               [-o owner] file1 file2
       install [-bCcpSsv] [-B suffix] [-f flags] [-g group] [-m mode]
               [-o owner] file1 ... fileN directory
       install -d [-v] [-g group] [-m mode] [-o owner] directory ...
DBG: Check install (WITH_INSTALL, action cont (originally cont)) failed: command 'install --version' failed:
install: illegal option -- -
usage: install [-bCcpSsv] [-B suffix] [-f flags] [-g group] [-m mode]
               [-o owner] file1 file2
       install [-bCcpSsv] [-B suffix] [-f flags] [-g group] [-m mode]
               [-o owner] file1 ... fileN directory
       install -d [-v] [-g group] [-m mode] [-o owner] directory ...
DBG: Compile check PIC (HAVE_PIC): gcc  -I/usr/local/opt/openssl/include -gstrict-dwarf -O2 -Wall -Werror _mkltmp25alV3.c -o _mkltmp25alV3.c.o  -L/usr/local/opt/openssl/lib -L/data/lab/node-kafka-producer/node_modules/node-rdkafka/build/deps -fPIC
DBG: Compile check gnulib (WITH_GNULD): gcc  -I/usr/local/opt/openssl/include -gstrict-dwarf -O2 -fPIC -Wall -Werror _mkltmpynQVPT.c -o _mkltmpynQVPT.c.o  -L/usr/local/opt/openssl/lib -L/data/lab/node-kafka-producer/node_modules/node-rdkafka/build/deps -shared -Wl,-soname,mkltest.0
DBG: compile check for gnulib (WITH_GNULD) failed: gcc  -I/usr/local/opt/openssl/include -gstrict-dwarf -O2 -fPIC -Wall -Werror _mkltmpynQVPT.c -o _mkltmpynQVPT.c.o  -L/usr/local/opt/openssl/lib -L/data/lab/node-kafka-producer/node_modules/node-rdkafka/build/deps -shared -Wl,-soname,mkltest.0: ld: unknown option: -soname
clang: error: linker command failed with exit code 1 (use -v to see invocation)
DBG: Check gnulib (WITH_GNULD, action cont (originally cont)) failed: compile check failed:
CC: CC
flags: -shared -Wl,-soname,mkltest.0
gcc  -I/usr/local/opt/openssl/include -gstrict-dwarf -O2 -fPIC -Wall -Werror _mkltmpynQVPT.c -o _mkltmpynQVPT.c.o  -L/usr/local/opt/openssl/lib -L/data/lab/node-kafka-producer/node_modules/node-rdkafka/build/deps -shared -Wl,-soname,mkltest.0:
ld: unknown option: -soname
clang: error: linker command failed with exit code 1 (use -v to see invocation)
source: 
DBG: Compile check osxlib (WITH_OSXLD): gcc  -I/usr/local/opt/openssl/include -gstrict-dwarf -O2 -fPIC -Wall -Werror _mkltmpCuCG89.c -o _mkltmpCuCG89.c.o  -L/usr/local/opt/openssl/lib -L/data/lab/node-kafka-producer/node_modules/node-rdkafka/build/deps -dynamiclib -Wl,-install_name,/tmp/mkltest.so.0
DBG: Compile check ldsflagvs (): gcc  -I/usr/local/opt/openssl/include -gstrict-dwarf -O2 -fPIC -Wall -Werror _mkltmppTKwuU.c -o _mkltmppTKwuU.c.o  -L/usr/local/opt/openssl/lib -L/data/lab/node-kafka-producer/node_modules/node-rdkafka/build/deps -shared -Wl,--version-script=_mkltmp6uCIMZ
DBG: compile check for ldsflagvs () failed: gcc  -I/usr/local/opt/openssl/include -gstrict-dwarf -O2 -fPIC -Wall -Werror _mkltmppTKwuU.c -o _mkltmppTKwuU.c.o  -L/usr/local/opt/openssl/lib -L/data/lab/node-kafka-producer/node_modules/node-rdkafka/build/deps -shared -Wl,--version-script=_mkltmp6uCIMZ: ld: unknown option: --version-script=_mkltmp6uCIMZ
clang: error: linker command failed with exit code 1 (use -v to see invocation)
DBG: Check ldsflagvs (, action cont (originally cont)) failed: compile check failed:
CC: CC
flags: -shared -Wl,--version-script=_mkltmp6uCIMZ
gcc  -I/usr/local/opt/openssl/include -gstrict-dwarf -O2 -fPIC -Wall -Werror _mkltmppTKwuU.c -o _mkltmppTKwuU.c.o  -L/usr/local/opt/openssl/lib -L/data/lab/node-kafka-producer/node_modules/node-rdkafka/build/deps -shared -Wl,--version-script=_mkltmp6uCIMZ:
ld: unknown option: --version-script=_mkltmp6uCIMZ
clang: error: linker command failed with exit code 1 (use -v to see invocation)
source: 
DBG: Compile check ldsflagm (): gcc  -I/usr/local/opt/openssl/include -gstrict-dwarf -O2 -fPIC -Wall -Werror _mkltmp7fQlDw.c -o _mkltmp7fQlDw.c.o  -L/usr/local/opt/openssl/lib -L/data/lab/node-kafka-producer/node_modules/node-rdkafka/build/deps -shared -Wl,-M_mkltmp6uCIMZ
DBG: compile check for ldsflagm () failed: gcc  -I/usr/local/opt/openssl/include -gstrict-dwarf -O2 -fPIC -Wall -Werror _mkltmp7fQlDw.c -o _mkltmp7fQlDw.c.o  -L/usr/local/opt/openssl/lib -L/data/lab/node-kafka-producer/node_modules/node-rdkafka/build/deps -shared -Wl,-M_mkltmp6uCIMZ: ld: unknown option: -M_mkltmp6uCIMZ
clang: error: linker command failed with exit code 1 (use -v to see invocation)
DBG: Check ldsflagm (, action ignore (originally ignore)) failed: compile check failed:
CC: CC
flags: -shared -Wl,-M_mkltmp6uCIMZ
gcc  -I/usr/local/opt/openssl/include -gstrict-dwarf -O2 -fPIC -Wall -Werror _mkltmp7fQlDw.c -o _mkltmp7fQlDw.c.o  -L/usr/local/opt/openssl/lib -L/data/lab/node-kafka-producer/node_modules/node-rdkafka/build/deps -shared -Wl,-M_mkltmp6uCIMZ:
ld: unknown option: -M_mkltmp6uCIMZ
clang: error: linker command failed with exit code 1 (use -v to see invocation)
source: 
DBG: Compile check __atomic_32 (HAVE_ATOMICS_32): gcc  -I/usr/local/opt/openssl/include -gstrict-dwarf -O2 -fPIC -Wall -Werror _mkltmpGOQ7sO.c -o _mkltmpGOQ7sO.c.o  -L/usr/local/opt/openssl/lib -L/data/lab/node-kafka-producer/node_modules/node-rdkafka/build/deps 
DBG: Compile check __atomic_64 (HAVE_ATOMICS_64): gcc  -I/usr/local/opt/openssl/include -gstrict-dwarf -O2 -fPIC -Wall -Werror _mkltmp7TBTuI.c -o _mkltmp7TBTuI.c.o  -L/usr/local/opt/openssl/lib -L/data/lab/node-kafka-producer/node_modules/node-rdkafka/build/deps 
DBG: Compile check socket (): gcc  -I/usr/local/opt/openssl/include -gstrict-dwarf -O2 -fPIC -Wall -Wsign-compare -Wfloat-equal -Wpointer-arith -Wcast-align -Wall -Werror _mkltmp96oOex.c -o _mkltmp96oOex.c.o  -L/usr/local/opt/openssl/lib -L/data/lab/node-kafka-producer/node_modules/node-rdkafka/build/deps 
DBG: pkg-config check librt (): pkg-config --short-errors --cflags librt
DBG: 'pkg-config --short-errors --cflags librt' failed: No package 'librt' found
DBG: Check librt_PKGCONFIG (, action cont (originally cont)) failed: 'pkg-config --short-errors --cflags librt' failed:
No package 'librt' found
DBG: Compile check librt (): gcc  -I/usr/local/opt/openssl/include -gstrict-dwarf -O2 -fPIC -Wall -Wsign-compare -Wfloat-equal -Wpointer-arith -Wcast-align -Wall -Werror _mkltmp96joYm.c -o _mkltmp96joYm.c.o  -L/usr/local/opt/openssl/lib -L/data/lab/node-kafka-producer/node_modules/node-rdkafka/build/deps -lrt
DBG: compile check for librt () failed: gcc  -I/usr/local/opt/openssl/include -gstrict-dwarf -O2 -fPIC -Wall -Wsign-compare -Wfloat-equal -Wpointer-arith -Wcast-align -Wall -Werror _mkltmp96joYm.c -o _mkltmp96joYm.c.o  -L/usr/local/opt/openssl/lib -L/data/lab/node-kafka-producer/node_modules/node-rdkafka/build/deps -lrt: ld: library not found for -lrt
clang: error: linker command failed with exit code 1 (use -v to see invocation)
DBG: Check librt (, action cont (originally cont)) failed: compile check failed:
CC: CC
flags: -lrt
gcc  -I/usr/local/opt/openssl/include -gstrict-dwarf -O2 -fPIC -Wall -Wsign-compare -Wfloat-equal -Wpointer-arith -Wcast-align -Wall -Werror _mkltmp96joYm.c -o _mkltmp96joYm.c.o  -L/usr/local/opt/openssl/lib -L/data/lab/node-kafka-producer/node_modules/node-rdkafka/build/deps -lrt:
ld: library not found for -lrt
clang: error: linker command failed with exit code 1 (use -v to see invocation)
source: 
DBG: pkg-config check libpthread (): pkg-config --short-errors --cflags libpthread
DBG: 'pkg-config --short-errors --cflags libpthread' failed: No package 'libpthread' found
DBG: Check libpthread_PKGCONFIG (, action cont (originally cont)) failed: 'pkg-config --short-errors --cflags libpthread' failed:
No package 'libpthread' found
DBG: Compile check libpthread (): gcc  -I/usr/local/opt/openssl/include -gstrict-dwarf -O2 -fPIC -Wall -Wsign-compare -Wfloat-equal -Wpointer-arith -Wcast-align -Wall -Werror _mkltmp1dotBM.c -o _mkltmp1dotBM.c.o  -L/usr/local/opt/openssl/lib -L/data/lab/node-kafka-producer/node_modules/node-rdkafka/build/deps -lpthread
DBG: pkg-config check libdl (): pkg-config --short-errors --cflags libdl
DBG: 'pkg-config --short-errors --cflags libdl' failed: No package 'libdl' found
DBG: Check libdl_PKGCONFIG (, action cont (originally cont)) failed: 'pkg-config --short-errors --cflags libdl' failed:
No package 'libdl' found
DBG: Compile check libdl (WITH_LIBDL): gcc  -I/usr/local/opt/openssl/include -gstrict-dwarf -O2 -fPIC -Wall -Wsign-compare -Wfloat-equal -Wpointer-arith -Wcast-align -Wall -Werror _mkltmpb6JMdZ.c -o _mkltmpb6JMdZ.c.o  -L/usr/local/opt/openssl/lib -L/data/lab/node-kafka-producer/node_modules/node-rdkafka/build/deps -ldl
DBG: pkg-config check zlib (): pkg-config --short-errors --cflags zlib
DBG: pkg-config check libcrypto (): pkg-config --short-errors --cflags libcrypto
DBG: 'pkg-config --short-errors --cflags libcrypto' failed: No package 'libcrypto' found
DBG: Check libcrypto_PKGCONFIG (, action cont (originally cont)) failed: 'pkg-config --short-errors --cflags libcrypto' failed:
No package 'libcrypto' found
DBG: Compile check libcrypto (): gcc  -I/usr/local/opt/openssl/include -gstrict-dwarf -O2 -fPIC -Wall -Wsign-compare -Wfloat-equal -Wpointer-arith -Wcast-align -Wall -Werror _mkltmpTREyjS.c -o _mkltmpTREyjS.c.o  -L/usr/local/opt/openssl/lib -L/data/lab/node-kafka-producer/node_modules/node-rdkafka/build/deps -lcrypto
DBG: pkg-config check liblz4 (): pkg-config --short-errors --cflags liblz4
DBG: 'pkg-config --short-errors --cflags liblz4' failed: No package 'liblz4' found
DBG: Check liblz4_PKGCONFIG (, action cont (originally cont)) failed: 'pkg-config --short-errors --cflags liblz4' failed:
No package 'liblz4' found
DBG: Compile check liblz4 (WITH_LZ4_EXT): gcc  -I/usr/local/opt/openssl/include -gstrict-dwarf -O2 -fPIC -Wall -Wsign-compare -Wfloat-equal -Wpointer-arith -Wcast-align -Wall -Werror _mkltmpIDnhSe.c -o _mkltmpIDnhSe.c.o  -L/usr/local/opt/openssl/lib -L/data/lab/node-kafka-producer/node_modules/node-rdkafka/build/deps -llz4
DBG: compile check for liblz4 (WITH_LZ4_EXT) failed: gcc  -I/usr/local/opt/openssl/include -gstrict-dwarf -O2 -fPIC -Wall -Wsign-compare -Wfloat-equal -Wpointer-arith -Wcast-align -Wall -Werror _mkltmpIDnhSe.c -o _mkltmpIDnhSe.c.o  -L/usr/local/opt/openssl/lib -L/data/lab/node-kafka-producer/node_modules/node-rdkafka/build/deps -llz4: _mkltmpIDnhSe.c:1:10: fatal error: 'lz4frame.h' file not found
#include <lz4frame.h>
         ^~~~~~~~~~~~
1 error generated.
DBG: Check liblz4 (WITH_LZ4_EXT, action disable (originally disable)) failed: compile check failed:
CC: CC
flags: -llz4
gcc  -I/usr/local/opt/openssl/include -gstrict-dwarf -O2 -fPIC -Wall -Wsign-compare -Wfloat-equal -Wpointer-arith -Wcast-align -Wall -Werror _mkltmpIDnhSe.c -o _mkltmpIDnhSe.c.o  -L/usr/local/opt/openssl/lib -L/data/lab/node-kafka-producer/node_modules/node-rdkafka/build/deps -llz4:
_mkltmpIDnhSe.c:1:10: fatal error: 'lz4frame.h' file not found
#include <lz4frame.h>
         ^~~~~~~~~~~~
1 error generated.
source: #include <lz4frame.h>
DBG: pkg-config check libssl (): pkg-config --short-errors --cflags libssl
DBG: pkg-config check libsasl2 (): pkg-config --short-errors --cflags libsasl2
DBG: 'pkg-config --short-errors --cflags libsasl2' failed: No package 'libsasl2' found
DBG: Check libsasl2_PKGCONFIG (, action cont (originally cont)) failed: 'pkg-config --short-errors --cflags libsasl2' failed:
No package 'libsasl2' found
DBG: Compile check libsasl2 (WITH_SASL_CYRUS): gcc -I/usr/local/Cellar/openssl/1.0.2o_2/include -I/usr/local/opt/openssl/include -gstrict-dwarf -O2 -fPIC -Wall -Wsign-compare -Wfloat-equal -Wpointer-arith -Wcast-align -Wall -Werror _mkltmpjAidvj.c -o _mkltmpjAidvj.c.o  -L/usr/local/opt/openssl/lib -L/data/lab/node-kafka-producer/node_modules/node-rdkafka/build/deps -lsasl2
DBG: Compile check crc32chw (WITH_CRC32C_HW): gcc -I/usr/local/Cellar/openssl/1.0.2o_2/include -I/usr/local/opt/openssl/include -gstrict-dwarf -O2 -fPIC -Wall -Wsign-compare -Wfloat-equal -Wpointer-arith -Wcast-align -Wall -Werror _mkltmp12qtIk.c -o _mkltmp12qtIk.c.o  -L/usr/local/opt/openssl/lib -L/data/lab/node-kafka-producer/node_modules/node-rdkafka/build/deps 
DBG: Compile check regex (HAVE_REGEX): gcc -I/usr/local/Cellar/openssl/1.0.2o_2/include -I/usr/local/opt/openssl/include -gstrict-dwarf -O2 -fPIC -Wall -Wsign-compare -Wfloat-equal -Wpointer-arith -Wcast-align -Wall -Werror _mkltmp27I5cC.c -o _mkltmp27I5cC.c.o  -L/usr/local/opt/openssl/lib -L/data/lab/node-kafka-producer/node_modules/node-rdkafka/build/deps 
DBG: Compile check strndup (HAVE_STRNDUP): gcc -I/usr/local/Cellar/openssl/1.0.2o_2/include -I/usr/local/opt/openssl/include -gstrict-dwarf -O2 -fPIC -Wall -Wsign-compare -Wfloat-equal -Wpointer-arith -Wcast-align -Wall -Werror _mkltmp7yTUDc.c -o _mkltmp7yTUDc.c.o  -L/usr/local/opt/openssl/lib -L/data/lab/node-kafka-producer/node_modules/node-rdkafka/build/deps 
DBG: Compile check strerror_r (HAVE_STRERROR_R): gcc -I/usr/local/Cellar/openssl/1.0.2o_2/include -I/usr/local/opt/openssl/include -gstrict-dwarf -O2 -fPIC -Wall -Wsign-compare -Wfloat-equal -Wpointer-arith -Wcast-align -Wall -Werror _mkltmpisaO8K.c -o _mkltmpisaO8K.c.o  -L/usr/local/opt/openssl/lib -L/data/lab/node-kafka-producer/node_modules/node-rdkafka/build/deps 
DBG: Compile check pthread_setname_gnu (HAVE_PTHREAD_SETNAME_GNU): gcc -I/usr/local/Cellar/openssl/1.0.2o_2/include -I/usr/local/opt/openssl/include -gstrict-dwarf -O2 -fPIC -Wall -Wsign-compare -Wfloat-equal -Wpointer-arith -Wcast-align -Wall -Werror _mkltmpzjsMUL.c -o _mkltmpzjsMUL.c.o  -L/usr/local/opt/openssl/lib -L/data/lab/node-kafka-producer/node_modules/node-rdkafka/build/deps -D_GNU_SOURCE -lpthread
DBG: compile check for pthread_setname_gnu (HAVE_PTHREAD_SETNAME_GNU) failed: gcc -I/usr/local/Cellar/openssl/1.0.2o_2/include -I/usr/local/opt/openssl/include -gstrict-dwarf -O2 -fPIC -Wall -Wsign-compare -Wfloat-equal -Wpointer-arith -Wcast-align -Wall -Werror _mkltmpzjsMUL.c -o _mkltmpzjsMUL.c.o  -L/usr/local/opt/openssl/lib -L/data/lab/node-kafka-producer/node_modules/node-rdkafka/build/deps -D_GNU_SOURCE -lpthread: _mkltmpzjsMUL.c:5:38: error: too many arguments to function call, expected 1, have 2
  pthread_setname_np(pthread_self(), "abc");
  ~~~~~~~~~~~~~~~~~~                 ^~~~~
/Applications/Xcode.app/Contents/Developer/Platforms/MacOSX.platform/Developer/SDKs/MacOSX10.13.sdk/usr/include/pthread.h:499:1: note: 'pthread_setname_np' declared here
__API_AVAILABLE(macos(10.6), ios(3.2))
^
/Applications/Xcode.app/Contents/Developer/Platforms/MacOSX.platform/Developer/SDKs/MacOSX10.13.sdk/usr/include/Availability.h:415:126: note: expanded from macro '__API_AVAILABLE'
    #define __API_AVAILABLE(...) __API_AVAILABLE_GET_MACRO(__VA_ARGS__,__API_AVAILABLE5, __API_AVAILABLE4, __API_AVAILABLE3, __API_AVAILABLE2, __API_AVAILABLE1)(__VA_ARGS__)
                                                                                                                             ^
1 error generated.
DBG: Check pthread_setname_gnu (HAVE_PTHREAD_SETNAME_GNU, action disable (originally disable)) failed: compile check failed:
CC: CC
flags: -D_GNU_SOURCE -lpthread
gcc -I/usr/local/Cellar/openssl/1.0.2o_2/include -I/usr/local/opt/openssl/include -gstrict-dwarf -O2 -fPIC -Wall -Wsign-compare -Wfloat-equal -Wpointer-arith -Wcast-align -Wall -Werror _mkltmpzjsMUL.c -o _mkltmpzjsMUL.c.o  -L/usr/local/opt/openssl/lib -L/data/lab/node-kafka-producer/node_modules/node-rdkafka/build/deps -D_GNU_SOURCE -lpthread:
_mkltmpzjsMUL.c:5:38: error: too many arguments to function call, expected 1, have 2
  pthread_setname_np(pthread_self(), "abc");
  ~~~~~~~~~~~~~~~~~~                 ^~~~~
/Applications/Xcode.app/Contents/Developer/Platforms/MacOSX.platform/Developer/SDKs/MacOSX10.13.sdk/usr/include/pthread.h:499:1: note: 'pthread_setname_np' declared here
__API_AVAILABLE(macos(10.6), ios(3.2))
^
/Applications/Xcode.app/Contents/Developer/Platforms/MacOSX.platform/Developer/SDKs/MacOSX10.13.sdk/usr/include/Availability.h:415:126: note: expanded from macro '__API_AVAILABLE'
    #define __API_AVAILABLE(...) __API_AVAILABLE_GET_MACRO(__VA_ARGS__,__API_AVAILABLE5, __API_AVAILABLE4, __API_AVAILABLE3, __API_AVAILABLE2, __API_AVAILABLE1)(__VA_ARGS__)
                                                                                                                             ^
1 error generated.
source: 
#include <pthread.h>

void foo (void) {
  pthread_setname_np(pthread_self(), "abc");
}

